c:\future\business plan\framework\phoenix\bin\debug\intermediate\vc140.pdb
c:\future\business plan\framework\phoenix\bin\debug\intermediate\vc140.idb
c:\future\business plan\framework\phoenix\bin\debug\intermediate\level.obj
c:\future\business plan\framework\phoenix\bin\debug\intermediate\main.obj
c:\future\business plan\framework\phoenix\bin\debug\intermediate\mat4.obj
c:\future\business plan\framework\phoenix\bin\debug\intermediate\menu.obj
c:\future\business plan\framework\phoenix\bin\debug\intermediate\mesh.obj
c:\future\business plan\framework\phoenix\bin\debug\intermediate\player.obj
c:\future\business plan\framework\phoenix\bin\debug\intermediate\shader.obj
c:\future\business plan\framework\phoenix\bin\debug\intermediate\simplegame.obj
c:\future\business plan\framework\phoenix\bin\debug\intermediate\source.obj
c:\future\business plan\framework\phoenix\bin\debug\intermediate\sprite.obj
c:\future\business plan\framework\phoenix\bin\debug\intermediate\ssgame.obj
c:\future\business plan\framework\phoenix\bin\debug\intermediate\texture.obj
c:\future\business plan\framework\phoenix\bin\debug\intermediate\tilelayer.obj
c:\future\business plan\framework\phoenix\bin\debug\intermediate\timer.obj
c:\future\business plan\framework\phoenix\bin\debug\intermediate\vec2.obj
c:\future\business plan\framework\phoenix\bin\debug\intermediate\vec3.obj
c:\future\business plan\framework\phoenix\bin\debug\intermediate\vec4.obj
c:\future\business plan\framework\phoenix\bin\debug\intermediate\vertexarray.obj
c:\future\business plan\framework\phoenix\bin\debug\intermediate\weapon.obj
c:\future\business plan\framework\phoenix\bin\debug\intermediate\window.obj
c:\future\business plan\framework\phoenix\bin\debug\intermediate\agent.obj
c:\future\business plan\framework\phoenix\bin\debug\intermediate\batchrenderer2d.obj
c:\future\business plan\framework\phoenix\bin\debug\intermediate\benchmark.obj
c:\future\business plan\framework\phoenix\bin\debug\intermediate\buffer.obj
c:\future\business plan\framework\phoenix\bin\debug\intermediate\bullet.obj
c:\future\business plan\framework\phoenix\bin\debug\intermediate\camera.obj
c:\future\business plan\framework\phoenix\bin\debug\intermediate\camera3d.obj
c:\future\business plan\framework\phoenix\bin\debug\intermediate\enemy.obj
c:\future\business plan\framework\phoenix\bin\debug\intermediate\framework.obj
c:\future\business plan\framework\phoenix\bin\debug\intermediate\group.obj
c:\future\business plan\framework\phoenix\bin\debug\intermediate\human.obj
c:\future\business plan\framework\phoenix\bin\debug\intermediate\indexbuff.obj
c:\future\business plan\framework\phoenix\bin\debug\intermediate\inputmanager.obj
c:\future\business plan\framework\phoenix\bin\debug\intermediate\lable.obj
c:\future\business plan\framework\phoenix\bin\debug\intermediate\layer.obj
c:\future\business plan\framework\phoenix\bin\debug\intermediate\linit.obj
c:\future\business plan\framework\phoenix\bin\debug\intermediate\liolib.obj
c:\future\business plan\framework\phoenix\bin\debug\intermediate\llex.obj
c:\future\business plan\framework\phoenix\bin\debug\intermediate\lmathlib.obj
c:\future\business plan\framework\phoenix\bin\debug\intermediate\lmem.obj
c:\future\business plan\framework\phoenix\bin\debug\intermediate\loadlib.obj
c:\future\business plan\framework\phoenix\bin\debug\intermediate\lobject.obj
c:\future\business plan\framework\phoenix\bin\debug\intermediate\lopcodes.obj
c:\future\business plan\framework\phoenix\bin\debug\intermediate\loslib.obj
c:\future\business plan\framework\phoenix\bin\debug\intermediate\lparser.obj
c:\future\business plan\framework\phoenix\bin\debug\intermediate\lstate.obj
c:\future\business plan\framework\phoenix\bin\debug\intermediate\lstring.obj
c:\future\business plan\framework\phoenix\bin\debug\intermediate\lstrlib.obj
c:\future\business plan\framework\phoenix\bin\debug\intermediate\ltable.obj
c:\future\business plan\framework\phoenix\bin\debug\intermediate\ltablib.obj
c:\future\business plan\framework\phoenix\bin\debug\intermediate\ltm.obj
c:\future\business plan\framework\phoenix\bin\debug\intermediate\lundump.obj
c:\future\business plan\framework\phoenix\bin\debug\intermediate\lutf8lib.obj
c:\future\business plan\framework\phoenix\bin\debug\intermediate\lvm.obj
c:\future\business plan\framework\phoenix\bin\debug\intermediate\lzio.obj
c:\future\business plan\framework\phoenix\bin\debug\intermediate\raster.obj
c:\future\business plan\framework\phoenix\bin\debug\intermediate\sfnt.obj
c:\future\business plan\framework\phoenix\bin\debug\intermediate\smooth.obj
c:\future\business plan\framework\phoenix\bin\debug\intermediate\truetype.obj
c:\future\business plan\framework\phoenix\bin\debug\intermediate\type1.obj
c:\future\business plan\framework\phoenix\bin\debug\intermediate\type42.obj
c:\future\business plan\framework\phoenix\bin\debug\intermediate\winfnt.obj
c:\future\business plan\framework\phoenix\bin\debug\intermediate\lapi.obj
c:\future\business plan\framework\phoenix\bin\debug\intermediate\lauxlib.obj
c:\future\business plan\framework\phoenix\bin\debug\intermediate\lbaselib.obj
c:\future\business plan\framework\phoenix\bin\debug\intermediate\lbitlib.obj
c:\future\business plan\framework\phoenix\bin\debug\intermediate\lcode.obj
c:\future\business plan\framework\phoenix\bin\debug\intermediate\lcorolib.obj
c:\future\business plan\framework\phoenix\bin\debug\intermediate\lctype.obj
c:\future\business plan\framework\phoenix\bin\debug\intermediate\ldblib.obj
c:\future\business plan\framework\phoenix\bin\debug\intermediate\ldebug.obj
c:\future\business plan\framework\phoenix\bin\debug\intermediate\ldo.obj
c:\future\business plan\framework\phoenix\bin\debug\intermediate\ldump.obj
c:\future\business plan\framework\phoenix\bin\debug\intermediate\lfunc.obj
c:\future\business plan\framework\phoenix\bin\debug\intermediate\lgc.obj
c:\future\business plan\framework\phoenix\bin\debug\intermediate\ftmm.obj
c:\future\business plan\framework\phoenix\bin\debug\intermediate\ftotval.obj
c:\future\business plan\framework\phoenix\bin\debug\intermediate\ftpatent.obj
c:\future\business plan\framework\phoenix\bin\debug\intermediate\ftpfr.obj
c:\future\business plan\framework\phoenix\bin\debug\intermediate\ftstroke.obj
c:\future\business plan\framework\phoenix\bin\debug\intermediate\ftsynth.obj
c:\future\business plan\framework\phoenix\bin\debug\intermediate\ftsystem.obj
c:\future\business plan\framework\phoenix\bin\debug\intermediate\fttype1.obj
c:\future\business plan\framework\phoenix\bin\debug\intermediate\ftwinfnt.obj
c:\future\business plan\framework\phoenix\bin\debug\intermediate\bdf.obj
c:\future\business plan\framework\phoenix\bin\debug\intermediate\ftcache.obj
c:\future\business plan\framework\phoenix\bin\debug\intermediate\cff.obj
c:\future\business plan\framework\phoenix\bin\debug\intermediate\type1cid.obj
c:\future\business plan\framework\phoenix\bin\debug\intermediate\ftgzip.obj
c:\future\business plan\framework\phoenix\bin\debug\intermediate\ftlzw.obj
c:\future\business plan\framework\phoenix\bin\debug\intermediate\pcf.obj
c:\future\business plan\framework\phoenix\bin\debug\intermediate\pfr.obj
c:\future\business plan\framework\phoenix\bin\debug\intermediate\psaux.obj
c:\future\business plan\framework\phoenix\bin\debug\intermediate\pshinter.obj
c:\future\business plan\framework\phoenix\bin\debug\intermediate\psmodule.obj
c:\future\business plan\framework\phoenix\bin\debug\intermediate\distance-field.obj
c:\future\business plan\framework\phoenix\bin\debug\intermediate\edtaa3func.obj
c:\future\business plan\framework\phoenix\bin\debug\intermediate\platform.obj
c:\future\business plan\framework\phoenix\bin\debug\intermediate\texture-atlas.obj
c:\future\business plan\framework\phoenix\bin\debug\intermediate\texture-font.obj
c:\future\business plan\framework\phoenix\bin\debug\intermediate\utf8-utils.obj
c:\future\business plan\framework\phoenix\bin\debug\intermediate\vector.obj
c:\future\business plan\framework\phoenix\bin\debug\intermediate\autofit.obj
c:\future\business plan\framework\phoenix\bin\debug\intermediate\ftbase.obj
c:\future\business plan\framework\phoenix\bin\debug\intermediate\ftbbox.obj
c:\future\business plan\framework\phoenix\bin\debug\intermediate\ftbitmap.obj
c:\future\business plan\framework\phoenix\bin\debug\intermediate\ftdebug.obj
c:\future\business plan\framework\phoenix\bin\debug\intermediate\ftfstype.obj
c:\future\business plan\framework\phoenix\bin\debug\intermediate\ftgasp.obj
c:\future\business plan\framework\phoenix\bin\debug\intermediate\ftglyph.obj
c:\future\business plan\framework\phoenix\bin\debug\intermediate\ftgxval.obj
c:\future\business plan\framework\phoenix\bin\debug\intermediate\ftinit.obj
c:\future\business plan\framework\phoenix\bin\debug\intermediate\ftlcdfil.obj
c:\future\business plan\framework\phoenix\bin\debug\phoenix-core.ilk
c:\future\business plan\framework\phoenix\bin\debug\phoenix-core.exe
c:\future\business plan\framework\phoenix\bin\debug\phoenix-core.pdb
c:\future\business plan\framework\phoenix\bin\debug\intermediate\phoenix-core.tlog\cl.command.1.tlog
c:\future\business plan\framework\phoenix\bin\debug\intermediate\phoenix-core.tlog\cl.read.1.tlog
c:\future\business plan\framework\phoenix\bin\debug\intermediate\phoenix-core.tlog\cl.write.1.tlog
c:\future\business plan\framework\phoenix\bin\debug\intermediate\phoenix-core.tlog\link.command.1.tlog
c:\future\business plan\framework\phoenix\bin\debug\intermediate\phoenix-core.tlog\link.read.1.tlog
c:\future\business plan\framework\phoenix\bin\debug\intermediate\phoenix-core.tlog\link.write.1.tlog
